# JRE version: Java(TM) SE Runtime Environment (8.0_241-b07) (build 1.8.0_241-b07)
# Java VM: Java HotSpot(TM) 64-Bit Server VM (25.241-b07 mixed mode windows-amd64 compressed oops)
Heap:
 PSYoungGen      total 147456K, used 36153K [0x00000000ebb80000, 0x00000000f8000000, 0x0000000100000000)
  eden space 139264K, 25% used [0x00000000ebb80000,0x00000000edece798,0x00000000f4380000)
  from space 8192K, 0% used [0x00000000f4380000,0x00000000f4380000,0x00000000f4b80000)
  to   space 9216K, 0% used [0x00000000f7700000,0x00000000f7700000,0x00000000f8000000)
 ParOldGen       total 48640K, used 14639K [0x00000000c3200000, 0x00000000c6180000, 0x00000000ebb80000)
  object space 48640K, 30% used [0x00000000c3200000,0x00000000c404bf28,0x00000000c6180000)
 Metaspace       used 39053K, capacity 40976K, committed 41088K, reserved 1085440K
  class space    used 4852K, capacity 5204K, committed 5248K, reserved 1048576K
GC Heap History (10 events):
Event: 2.442 GC heap before
{Heap before GC invocations=9 (full 1):
 PSYoungGen      total 69120K, used 61952K [0x00000000ebb80000, 0x00000000f4480000, 0x0000000100000000)
  eden space 61952K, 100% used [0x00000000ebb80000,0x00000000ef800000,0x00000000ef800000)
  from space 7168K, 0% used [0x00000000ef800000,0x00000000ef800000,0x00000000eff00000)
  to   space 8192K, 0% used [0x00000000f3c80000,0x00000000f3c80000,0x00000000f4480000)
 ParOldGen       total 31232K, used 7453K [0x00000000c3200000, 0x00000000c5080000, 0x00000000ebb80000)
  object space 31232K, 23% used [0x00000000c3200000,0x00000000c3947718,0x00000000c5080000)
 Metaspace       used 22427K, capacity 23138K, committed 23344K, reserved 1069056K
  class space    used 2749K, capacity 2904K, committed 2944K, reserved 1048576K
Event: 2.449 GC heap after
Heap after GC invocations=9 (full 1):
 PSYoungGen      total 105472K, used 3000K [0x00000000ebb80000, 0x00000000f3f80000, 0x0000000100000000)
  eden space 102400K, 0% used [0x00000000ebb80000,0x00000000ebb80000,0x00000000f1f80000)
  from space 3072K, 97% used [0x00000000f3c80000,0x00000000f3f6e150,0x00000000f3f80000)
  to   space 7680K, 0% used [0x00000000f3080000,0x00000000f3080000,0x00000000f3800000)
 ParOldGen       total 31232K, used 7461K [0x00000000c3200000, 0x00000000c5080000, 0x00000000ebb80000)
  object space 31232K, 23% used [0x00000000c3200000,0x00000000c3949718,0x00000000c5080000)
 Metaspace       used 22427K, capacity 23138K, committed 23344K, reserved 1069056K
  class space    used 2749K, capacity 2904K, committed 2944K, reserved 1048576K
}
Event: 3.254 GC heap before
{Heap before GC invocations=10 (full 1):
 PSYoungGen      total 105472K, used 105400K [0x00000000ebb80000, 0x00000000f3f80000, 0x0000000100000000)
  eden space 102400K, 100% used [0x00000000ebb80000,0x00000000f1f80000,0x00000000f1f80000)
  from space 3072K, 97% used [0x00000000f3c80000,0x00000000f3f6e150,0x00000000f3f80000)
  to   space 7680K, 0% used [0x00000000f3080000,0x00000000f3080000,0x00000000f3800000)
 ParOldGen       total 31232K, used 7461K [0x00000000c3200000, 0x00000000c5080000, 0x00000000ebb80000)
  object space 31232K, 23% used [0x00000000c3200000,0x00000000c3949718,0x00000000c5080000)
 Metaspace       used 24205K, capacity 24956K, committed 25216K, reserved 1071104K
  class space    used 2969K, capacity 3168K, committed 3200K, reserved 1048576K
Event: 3.265 GC heap after
Heap after GC invocations=10 (full 1):
 PSYoungGen      total 127488K, used 4774K [0x00000000ebb80000, 0x00000000f5300000, 0x0000000100000000)
  eden space 119808K, 0% used [0x00000000ebb80000,0x00000000ebb80000,0x00000000f3080000)
  from space 7680K, 62% used [0x00000000f3080000,0x00000000f35299b8,0x00000000f3800000)
  to   space 7680K, 0% used [0x00000000f4b80000,0x00000000f4b80000,0x00000000f5300000)
 ParOldGen       total 31232K, used 7469K [0x00000000c3200000, 0x00000000c5080000, 0x00000000ebb80000)
  object space 31232K, 23% used [0x00000000c3200000,0x00000000c394b718,0x00000000c5080000)
 Metaspace       used 24205K, capacity 24956K, committed 25216K, reserved 1071104K
  class space    used 2969K, capacity 3168K, committed 3200K, reserved 1048576K
}
Event: 4.560 GC heap before
{Heap before GC invocations=11 (full 1):
 PSYoungGen      total 127488K, used 124582K [0x00000000ebb80000, 0x00000000f5300000, 0x0000000100000000)
  eden space 119808K, 100% used [0x00000000ebb80000,0x00000000f3080000,0x00000000f3080000)
  from space 7680K, 62% used [0x00000000f3080000,0x00000000f35299b8,0x00000000f3800000)
  to   space 7680K, 0% used [0x00000000f4b80000,0x00000000f4b80000,0x00000000f5300000)
 ParOldGen       total 31232K, used 7469K [0x00000000c3200000, 0x00000000c5080000, 0x00000000ebb80000)
  object space 31232K, 23% used [0x00000000c3200000,0x00000000c394b718,0x00000000c5080000)
 Metaspace       used 27858K, capacity 29026K, committed 29440K, reserved 1075200K
  class space    used 3488K, capacity 3723K, committed 3840K, reserved 1048576K
Event: 4.571 GC heap after
Heap after GC invocations=11 (full 1):
 PSYoungGen      total 146944K, used 6866K [0x00000000ebb80000, 0x00000000f6800000, 0x0000000100000000)
  eden space 139264K, 0% used [0x00000000ebb80000,0x00000000ebb80000,0x00000000f4380000)
  from space 7680K, 89% used [0x00000000f4b80000,0x00000000f5234820,0x00000000f5300000)
  to   space 8192K, 0% used [0x00000000f4380000,0x00000000f4380000,0x00000000f4b80000)
 ParOldGen       total 31232K, used 8412K [0x00000000c3200000, 0x00000000c5080000, 0x00000000ebb80000)
  object space 31232K, 26% used [0x00000000c3200000,0x00000000c3a37028,0x00000000c5080000)
 Metaspace       used 27858K, capacity 29026K, committed 29440K, reserved 1075200K
  class space    used 3488K, capacity 3723K, committed 3840K, reserved 1048576K
}
Event: 6.214 GC heap before
{Heap before GC invocations=12 (full 1):
 PSYoungGen      total 146944K, used 137135K [0x00000000ebb80000, 0x00000000f6800000, 0x0000000100000000)
  eden space 139264K, 93% used [0x00000000ebb80000,0x00000000f3ab77d8,0x00000000f4380000)
  from space 7680K, 89% used [0x00000000f4b80000,0x00000000f5234820,0x00000000f5300000)
  to   space 8192K, 0% used [0x00000000f4380000,0x00000000f4380000,0x00000000f4b80000)
 ParOldGen       total 31232K, used 8412K [0x00000000c3200000, 0x00000000c5080000, 0x00000000ebb80000)
  object space 31232K, 26% used [0x00000000c3200000,0x00000000c3a37028,0x00000000c5080000)
 Metaspace       used 33628K, capacity 35418K, committed 35496K, reserved 1081344K
  class space    used 4251K, capacity 4561K, committed 4608K, reserved 1048576K
Event: 6.233 GC heap after
Heap after GC invocations=12 (full 1):
 PSYoungGen      total 147456K, used 7549K [0x00000000ebb80000, 0x00000000f8000000, 0x0000000100000000)
  eden space 139264K, 0% used [0x00000000ebb80000,0x00000000ebb80000,0x00000000f4380000)
  from space 8192K, 92% used [0x00000000f4380000,0x00000000f4adf410,0x00000000f4b80000)
  to   space 9216K, 0% used [0x00000000f7700000,0x00000000f7700000,0x00000000f8000000)
 ParOldGen       total 31232K, used 11580K [0x00000000c3200000, 0x00000000c5080000, 0x00000000ebb80000)
  object space 31232K, 37% used [0x00000000c3200000,0x00000000c3d4f078,0x00000000c5080000)
 Metaspace       used 33628K, capacity 35418K, committed 35496K, reserved 1081344K
  class space    used 4251K, capacity 4561K, committed 4608K, reserved 1048576K
}
Event: 6.233 GC heap before
{Heap before GC invocations=13 (full 2):
 PSYoungGen      total 147456K, used 7549K [0x00000000ebb80000, 0x00000000f8000000, 0x0000000100000000)
  eden space 139264K, 0% used [0x00000000ebb80000,0x00000000ebb80000,0x00000000f4380000)
  from space 8192K, 92% used [0x00000000f4380000,0x00000000f4adf410,0x00000000f4b80000)
  to   space 9216K, 0% used [0x00000000f7700000,0x00000000f7700000,0x00000000f8000000)
 ParOldGen       total 31232K, used 11580K [0x00000000c3200000, 0x00000000c5080000, 0x00000000ebb80000)
  object space 31232K, 37% used [0x00000000c3200000,0x00000000c3d4f078,0x00000000c5080000)
 Metaspace       used 33628K, capacity 35418K, committed 35496K, reserved 1081344K
  class space    used 4251K, capacity 4561K, committed 4608K, reserved 1048576K
Event: 6.302 GC heap after
Heap after GC invocations=13 (full 2):
 PSYoungGen      total 147456K, used 0K [0x00000000ebb80000, 0x00000000f8000000, 0x0000000100000000)
  eden space 139264K, 0% used [0x00000000ebb80000,0x00000000ebb80000,0x00000000f4380000)
  from space 8192K, 0% used [0x00000000f4380000,0x00000000f4380000,0x00000000f4b80000)
  to   space 9216K, 0% used [0x00000000f7700000,0x00000000f7700000,0x00000000f8000000)
 ParOldGen       total 48640K, used 14639K [0x00000000c3200000, 0x00000000c6180000, 0x00000000ebb80000)
  object space 48640K, 30% used [0x00000000c3200000,0x00000000c404bf28,0x00000000c6180000)
 Metaspace       used 33628K, capacity 35418K, committed 35496K, reserved 1081344K
  class space    used 4251K, capacity 4561K, committed 4608K, reserved 1048576K
}

